Using pre-set license
Built from '2020.3/release' branch; Version is '2020.3.12f1 (b3b2c6512326) revision 11776710'; Using compiler version '192528614'; Build Type 'Release'
OS: 'Windows 10 Home Single Language; OS build 19042.1237; Version 2009; 64bit' Language: 'en' Physical Memory: 6082 MB
BatchMode: 1, IsHumanControllingUs: 0, StartBugReporterOnCrash: 0, Is64bit: 1, IsPro: 0

 COMMAND LINE ARGUMENTS:
C:\Program Files\Unity\Hub\Editor\2020.3.12f1\Editor\Unity.exe
-adb2
-batchMode
-noUpm
-name
AssetImportWorker0
-projectPath
D:/Unity/Unity Save 2020/Ayo Belajar Budaya
-logFile
Logs/AssetImportWorker0.log
-srvPort
58890
Successfully changed project path to: D:/Unity/Unity Save 2020/Ayo Belajar Budaya
D:/Unity/Unity Save 2020/Ayo Belajar Budaya
Using Asset Import Pipeline V2.
Refreshing native plugins compatible for Editor in 183.74 ms, found 3 plugins.
Preloading 0 native plugins for Editor in 0.00 ms.
Initialize engine version: 2020.3.12f1 (b3b2c6512326)
[Subsystems] Discovering subsystems at path C:/Program Files/Unity/Hub/Editor/2020.3.12f1/Editor/Data/Resources/UnitySubsystems
[Subsystems] Discovering subsystems at path D:/Unity/Unity Save 2020/Ayo Belajar Budaya/Assets
GfxDevice: creating device client; threaded=0
Direct3D:
    Version:  Direct3D 11.0 [level 11.1]
    Renderer: AMD Radeon(TM) Vega 3 Graphics (ID=0x15d8)
    Vendor:   
    VRAM:     3041 MB
    Driver:   27.20.22025.1006
Initialize mono
Mono path[0] = 'C:/Program Files/Unity/Hub/Editor/2020.3.12f1/Editor/Data/Managed'
Mono path[1] = 'C:/Program Files/Unity/Hub/Editor/2020.3.12f1/Editor/Data/MonoBleedingEdge/lib/mono/unityjit'
Mono config path = 'C:/Program Files/Unity/Hub/Editor/2020.3.12f1/Editor/Data/MonoBleedingEdge/etc'
Using monoOptions --debugger-agent=transport=dt_socket,embedding=1,server=y,suspend=n,address=127.0.0.1:56648
Begin MonoManager ReloadAssembly
Registering precompiled unity dll's ...
Register platform support module: C:/Program Files/Unity/Hub/Editor/2020.3.12f1/Editor/Data/PlaybackEngines/WindowsStandaloneSupport/UnityEditor.WindowsStandalone.Extensions.dll
Registered in 0.007028 seconds.
Native extension for WindowsStandalone target not found
Refreshing native plugins compatible for Editor in 117.10 ms, found 3 plugins.
Preloading 0 native plugins for Editor in 0.00 ms.
Mono: successfully reloaded assembly
- Completed reload, in  6.757 seconds
Platform modules already initialized, skipping
Registering precompiled user dll's ...
Registered in 0.006986 seconds.
Begin MonoManager ReloadAssembly
Native extension for WindowsStandalone target not found
Refreshing native plugins compatible for Editor in 102.59 ms, found 3 plugins.
Preloading 0 native plugins for Editor in 0.00 ms.
Mono: successfully reloaded assembly
- Completed reload, in  3.618 seconds
Platform modules already initialized, skipping
========================================================================
Worker process is ready to serve import requests
Launched and connected shader compiler UnityShaderCompiler.exe after 0.19 seconds
Refreshing native plugins compatible for Editor in 1.52 ms, found 3 plugins.
Preloading 0 native plugins for Editor in 0.00 ms.
Unloading 2088 Unused Serialized files (Serialized files now loaded: 0)
System memory in use before: 93.1 MB.
System memory in use after: 93.1 MB.

Unloading 33 unused Assets to reduce memory usage. Loaded Objects now: 2521.
Total: 6.350200 ms (FindLiveObjects: 0.674300 ms CreateObjectMapping: 0.121200 ms MarkObjects: 5.229200 ms  DeleteObjects: 0.322500 ms)

AssetImportParameters requested are different than current active one (requested -> active):
  custom:framework-win-MediaFoundation: 216162199b28c13a410421893ffa2e32 -> 
  custom:video-decoder-ogg-theora: a1e56fd34408186e4bbccfd4996cb3dc -> 
  custom:container-muxer-webm: aa71ff27fc2769a1b78a27578f13a17b -> 
  custom:container-demuxer-webm: 4f35f7cbe854078d1ac9338744f61a02 -> 
  custom:container-demuxer-ogg: 62fdf1f143b41e24485cea50d1cbac27 -> 
  custom:video-encoder-webm-vp8: eb34c28f22e8b96e1ab97ce403110664 -> 
  custom:video-codec-MediaFoundation-h265: 746d11721c4dcdbdad8f713fa42b33f4 -> 
  custom:video-decoder-webm-vp8: 9c59270c3fd7afecdb556c50c9e8de78 -> 
  custom:audio-decoder-ogg-vorbis: bf7c407c2cedff20999df2af8eb42d56 -> 
  custom:audio-encoder-webm-vorbis: bf7c407c2cedff20999df2af8eb42d56 -> 
========================================================================
Received Import Request.
  path: Assets/Scripts/Popup_Jatim.anim
  artifactKey: Guid(5fc9bfabba7d1964d8f7642aabbc1c40) Importer(815301076,1909f56bfc062723c751e8b465ee728b)
Start importing Assets/Scripts/Popup_Jatim.anim using Guid(5fc9bfabba7d1964d8f7642aabbc1c40) Importer(815301076,1909f56bfc062723c751e8b465ee728b)  -> (artifact id: '213b2eaa0e0c2dc06149ee2997104b5f') in 0.118685 seconds 
  Import took 0.129715 seconds .

========================================================================
Received Import Request.
  Time since last request: 41.397888 seconds.
  path: Assets/Scenes/JawaTimur.unity
  artifactKey: Guid(c96e78af96a29194a82382260d2027b6) Importer(815301076,1909f56bfc062723c751e8b465ee728b)
Start importing Assets/Scenes/JawaTimur.unity using Guid(c96e78af96a29194a82382260d2027b6) Importer(815301076,1909f56bfc062723c751e8b465ee728b)  -> (artifact id: '26426736d02ba67213130eb0b40be827') in 0.055327 seconds 
  Import took 0.075323 seconds .

========================================================================
Received Prepare
Registering precompiled user dll's ...
Registered in 0.012454 seconds.
Begin MonoManager ReloadAssembly
Native extension for WindowsStandalone target not found
Refreshing native plugins compatible for Editor in 2.54 ms, found 3 plugins.
Preloading 0 native plugins for Editor in 0.00 ms.
Mono: successfully reloaded assembly
- Completed reload, in  2.814 seconds
Platform modules already initialized, skipping
Switching build target platform(19) subTarget(0) extendedPlatform(0) -> platform(13) subTarget(537395200) extendedPlatform(0)
Refreshing native plugins compatible for Editor in 1.23 ms, found 3 plugins.
Preloading 0 native plugins for Editor in 0.00 ms.
Unloading 2086 Unused Serialized files (Serialized files now loaded: 0)
System memory in use before: 93.1 MB.
System memory in use after: 93.1 MB.

Unloading 21 unused Assets to reduce memory usage. Loaded Objects now: 2525.
Total: 6.087200 ms (FindLiveObjects: 0.490100 ms CreateObjectMapping: 0.083300 ms MarkObjects: 5.241900 ms  DeleteObjects: 0.268300 ms)

AssetImportParameters requested are different than current active one (requested -> active):
  custom:framework-win-MediaFoundation: 216162199b28c13a410421893ffa2e32 -> 
  custom:video-decoder-ogg-theora: a1e56fd34408186e4bbccfd4996cb3dc -> 
  custom:container-muxer-webm: aa71ff27fc2769a1b78a27578f13a17b -> 
  custom:container-demuxer-webm: 4f35f7cbe854078d1ac9338744f61a02 -> 
  custom:container-demuxer-ogg: 62fdf1f143b41e24485cea50d1cbac27 -> 
  custom:video-encoder-webm-vp8: eb34c28f22e8b96e1ab97ce403110664 -> 
  custom:video-codec-MediaFoundation-h265: 746d11721c4dcdbdad8f713fa42b33f4 -> 
  custom:video-decoder-webm-vp8: 9c59270c3fd7afecdb556c50c9e8de78 -> 
  custom:graphics/normal-map-encoding: 01000000000000000000000000000000 -> 02000000000000000000000000000000
  custom:audio-decoder-ogg-vorbis: bf7c407c2cedff20999df2af8eb42d56 -> 
  custom:audio-encoder-webm-vorbis: bf7c407c2cedff20999df2af8eb42d56 -> 
========================================================================
Received Import Request.
  Time since last request: 194.403963 seconds.
  path: Assets/Scenes/Scene 3.unity
  artifactKey: Guid(b704719be1b44374d862b30a5b199343) Importer(815301076,1909f56bfc062723c751e8b465ee728b)
Start importing Assets/Scenes/Scene 3.unity using Guid(b704719be1b44374d862b30a5b199343) Importer(815301076,1909f56bfc062723c751e8b465ee728b)  -> (artifact id: '86ffc21eb7d5ff125a6d18268fd80e03') in 0.052033 seconds 
  Import took 0.062315 seconds .

========================================================================
Received Prepare
Registering precompiled user dll's ...
Registered in 0.011668 seconds.
Begin MonoManager ReloadAssembly
Native extension for WindowsStandalone target not found
Refreshing native plugins compatible for Editor in 3.16 ms, found 3 plugins.
Preloading 0 native plugins for Editor in 0.00 ms.
Mono: successfully reloaded assembly
- Completed reload, in  3.144 seconds
Platform modules already initialized, skipping
Switching build target platform(19) subTarget(0) extendedPlatform(0) -> platform(13) subTarget(537395200) extendedPlatform(0)
Refreshing native plugins compatible for Editor in 1.79 ms, found 3 plugins.
Preloading 0 native plugins for Editor in 0.00 ms.
Unloading 2086 Unused Serialized files (Serialized files now loaded: 0)
System memory in use before: 93.1 MB.
System memory in use after: 93.1 MB.

Unloading 21 unused Assets to reduce memory usage. Loaded Objects now: 2529.
Total: 15.379200 ms (FindLiveObjects: 0.675500 ms CreateObjectMapping: 0.117100 ms MarkObjects: 14.236900 ms  DeleteObjects: 0.344800 ms)

AssetImportParameters requested are different than current active one (requested -> active):
  custom:framework-win-MediaFoundation: 216162199b28c13a410421893ffa2e32 -> 
  custom:video-decoder-ogg-theora: a1e56fd34408186e4bbccfd4996cb3dc -> 
  custom:container-muxer-webm: aa71ff27fc2769a1b78a27578f13a17b -> 
  custom:container-demuxer-webm: 4f35f7cbe854078d1ac9338744f61a02 -> 
  custom:container-demuxer-ogg: 62fdf1f143b41e24485cea50d1cbac27 -> 
  custom:video-encoder-webm-vp8: eb34c28f22e8b96e1ab97ce403110664 -> 
  custom:video-codec-MediaFoundation-h265: 746d11721c4dcdbdad8f713fa42b33f4 -> 
  custom:video-decoder-webm-vp8: 9c59270c3fd7afecdb556c50c9e8de78 -> 
  custom:graphics/normal-map-encoding: 01000000000000000000000000000000 -> 02000000000000000000000000000000
  custom:audio-decoder-ogg-vorbis: bf7c407c2cedff20999df2af8eb42d56 -> 
  custom:audio-encoder-webm-vorbis: bf7c407c2cedff20999df2af8eb42d56 -> 
========================================================================
Received Import Request.
  Time since last request: 229.108987 seconds.
  path: Assets/Scenes/Scene 3.unity
  artifactKey: Guid(b704719be1b44374d862b30a5b199343) Importer(815301076,1909f56bfc062723c751e8b465ee728b)
Start importing Assets/Scenes/Scene 3.unity using Guid(b704719be1b44374d862b30a5b199343) Importer(815301076,1909f56bfc062723c751e8b465ee728b)  -> (artifact id: '5e2deccf317b0c9ef0252285bb1e3262') in 0.057793 seconds 
  Import took 0.070390 seconds .

========================================================================
Received Import Request.
  Time since last request: 18.510718 seconds.
  path: Assets/Scenes/Jawa Timur.unity
  artifactKey: Guid(b704719be1b44374d862b30a5b199343) Importer(815301076,1909f56bfc062723c751e8b465ee728b)
Start importing Assets/Scenes/Jawa Timur.unity using Guid(b704719be1b44374d862b30a5b199343) Importer(815301076,1909f56bfc062723c751e8b465ee728b)  -> (artifact id: 'bb333b63e2f3f738f8e0aa1d4b059195') in 0.057946 seconds 
  Import took 0.069031 seconds .

========================================================================
Received Import Request.
  Time since last request: 50.812542 seconds.
  path: Assets/Scenes/peta.unity
  artifactKey: Guid(cd5182aa89bbf824ebc13ae8b60fe0a6) Importer(815301076,1909f56bfc062723c751e8b465ee728b)
Start importing Assets/Scenes/peta.unity using Guid(cd5182aa89bbf824ebc13ae8b60fe0a6) Importer(815301076,1909f56bfc062723c751e8b465ee728b)  -> (artifact id: 'bcb02e3aa86b0e42c7558cbce1e4be2d') in 0.060176 seconds 
  Import took 0.071744 seconds .

========================================================================
Received Import Request.
  Time since last request: 308.044136 seconds.
  path: Assets/Scenes/jawatimur.unity
  artifactKey: Guid(b704719be1b44374d862b30a5b199343) Importer(815301076,1909f56bfc062723c751e8b465ee728b)
Start importing Assets/Scenes/jawatimur.unity using Guid(b704719be1b44374d862b30a5b199343) Importer(815301076,1909f56bfc062723c751e8b465ee728b)  -> (artifact id: 'd7e992404a82d31e4f4859f01d560023') in 0.025169 seconds 
  Import took 0.037862 seconds .

========================================================================
Received Prepare
Registering precompiled user dll's ...
Registered in 0.024358 seconds.
Begin MonoManager ReloadAssembly
Native extension for WindowsStandalone target not found
Refreshing native plugins compatible for Editor in 3.60 ms, found 3 plugins.
Preloading 0 native plugins for Editor in 0.00 ms.
Mono: successfully reloaded assembly
- Completed reload, in  4.376 seconds
Platform modules already initialized, skipping
Switching build target platform(19) subTarget(0) extendedPlatform(0) -> platform(13) subTarget(537395200) extendedPlatform(0)
Refreshing native plugins compatible for Editor in 2.00 ms, found 3 plugins.
Preloading 0 native plugins for Editor in 0.00 ms.
Unloading 2086 Unused Serialized files (Serialized files now loaded: 0)
System memory in use before: 93.2 MB.
System memory in use after: 93.2 MB.

Unloading 21 unused Assets to reduce memory usage. Loaded Objects now: 2533.
Total: 8.038700 ms (FindLiveObjects: 0.495900 ms CreateObjectMapping: 0.081300 ms MarkObjects: 7.100700 ms  DeleteObjects: 0.357200 ms)

AssetImportParameters requested are different than current active one (requested -> active):
  custom:framework-win-MediaFoundation: 216162199b28c13a410421893ffa2e32 -> 
  custom:video-decoder-ogg-theora: a1e56fd34408186e4bbccfd4996cb3dc -> 
  custom:container-muxer-webm: aa71ff27fc2769a1b78a27578f13a17b -> 
  custom:container-demuxer-webm: 4f35f7cbe854078d1ac9338744f61a02 -> 
  custom:container-demuxer-ogg: 62fdf1f143b41e24485cea50d1cbac27 -> 
  custom:video-encoder-webm-vp8: eb34c28f22e8b96e1ab97ce403110664 -> 
  custom:video-codec-MediaFoundation-h265: 746d11721c4dcdbdad8f713fa42b33f4 -> 
  custom:video-decoder-webm-vp8: 9c59270c3fd7afecdb556c50c9e8de78 -> 
  custom:graphics/normal-map-encoding: 01000000000000000000000000000000 -> 02000000000000000000000000000000
  custom:audio-decoder-ogg-vorbis: bf7c407c2cedff20999df2af8eb42d56 -> 
  custom:audio-encoder-webm-vorbis: bf7c407c2cedff20999df2af8eb42d56 -> 
========================================================================
Received Prepare
Registering precompiled user dll's ...
Registered in 0.010516 seconds.
Begin MonoManager ReloadAssembly
Native extension for WindowsStandalone target not found
Refreshing native plugins compatible for Editor in 1.58 ms, found 3 plugins.
Preloading 0 native plugins for Editor in 0.00 ms.
Mono: successfully reloaded assembly
- Completed reload, in  3.505 seconds
Platform modules already initialized, skipping
Switching build target platform(19) subTarget(0) extendedPlatform(0) -> platform(13) subTarget(537395200) extendedPlatform(0)
Refreshing native plugins compatible for Editor in 1.54 ms, found 3 plugins.
Preloading 0 native plugins for Editor in 0.00 ms.
Unloading 2086 Unused Serialized files (Serialized files now loaded: 0)
System memory in use before: 93.2 MB.
System memory in use after: 93.2 MB.

Unloading 21 unused Assets to reduce memory usage. Loaded Objects now: 2537.
Total: 13.269100 ms (FindLiveObjects: 0.885500 ms CreateObjectMapping: 0.662500 ms MarkObjects: 11.337100 ms  DeleteObjects: 0.379300 ms)

AssetImportParameters requested are different than current active one (requested -> active):
  custom:framework-win-MediaFoundation: 216162199b28c13a410421893ffa2e32 -> 
  custom:video-decoder-ogg-theora: a1e56fd34408186e4bbccfd4996cb3dc -> 
  custom:container-muxer-webm: aa71ff27fc2769a1b78a27578f13a17b -> 
  custom:container-demuxer-webm: 4f35f7cbe854078d1ac9338744f61a02 -> 
  custom:container-demuxer-ogg: 62fdf1f143b41e24485cea50d1cbac27 -> 
  custom:video-encoder-webm-vp8: eb34c28f22e8b96e1ab97ce403110664 -> 
  custom:video-codec-MediaFoundation-h265: 746d11721c4dcdbdad8f713fa42b33f4 -> 
  custom:video-decoder-webm-vp8: 9c59270c3fd7afecdb556c50c9e8de78 -> 
  custom:graphics/normal-map-encoding: 01000000000000000000000000000000 -> 02000000000000000000000000000000
  custom:audio-decoder-ogg-vorbis: bf7c407c2cedff20999df2af8eb42d56 -> 
  custom:audio-encoder-webm-vorbis: bf7c407c2cedff20999df2af8eb42d56 -> 
========================================================================
Received Import Request.
  Time since last request: 267.800396 seconds.
  path: Assets/Scenes/main_menu.unity
  artifactKey: Guid(101be2d461cc55846ac7f27bff07d21c) Importer(815301076,1909f56bfc062723c751e8b465ee728b)
Start importing Assets/Scenes/main_menu.unity using Guid(101be2d461cc55846ac7f27bff07d21c) Importer(815301076,1909f56bfc062723c751e8b465ee728b)  -> (artifact id: '4402f5b9b3f870800db99796cfdc1cf7') in 0.067496 seconds 
  Import took 0.084696 seconds .

========================================================================
Received Import Request.
  Time since last request: 1.487444 seconds.
  path: Assets/Scenes/peta.unity
  artifactKey: Guid(cd5182aa89bbf824ebc13ae8b60fe0a6) Importer(815301076,1909f56bfc062723c751e8b465ee728b)
Start importing Assets/Scenes/peta.unity using Guid(cd5182aa89bbf824ebc13ae8b60fe0a6) Importer(815301076,1909f56bfc062723c751e8b465ee728b)  -> (artifact id: '533dcb681c3368c503bfc57e60c258d7') in 0.015382 seconds 
  Import took 0.076538 seconds .

========================================================================
Received Import Request.
  Time since last request: 22.946626 seconds.
  path: Assets/Scenes/kuis.unity
  artifactKey: Guid(7c19634f07c012948b3278c3b683844b) Importer(815301076,1909f56bfc062723c751e8b465ee728b)
Start importing Assets/Scenes/kuis.unity using Guid(7c19634f07c012948b3278c3b683844b) Importer(815301076,1909f56bfc062723c751e8b465ee728b)  -> (artifact id: '7e192a1db984669e9a073b5329d8378f') in 0.034690 seconds 
  Import took 0.053207 seconds .

========================================================================
Received Import Request.
  Time since last request: 38.230908 seconds.
  path: Assets/Scenes/jawatimur.unity
  artifactKey: Guid(b704719be1b44374d862b30a5b199343) Importer(815301076,1909f56bfc062723c751e8b465ee728b)
Start importing Assets/Scenes/jawatimur.unity using Guid(b704719be1b44374d862b30a5b199343) Importer(815301076,1909f56bfc062723c751e8b465ee728b)  -> (artifact id: '80c713d5ce90a013464f415573ed5fd0') in 0.015299 seconds 
  Import took 0.039937 seconds .

========================================================================
Received Import Request.
  Time since last request: 0.023469 seconds.
  path: Assets/Scenes/jawatimur.unity
  artifactKey: Guid(b704719be1b44374d862b30a5b199343) Importer(815301076,1909f56bfc062723c751e8b465ee728b)
Start importing Assets/Scenes/jawatimur.unity using Guid(b704719be1b44374d862b30a5b199343) Importer(815301076,1909f56bfc062723c751e8b465ee728b)  -> (artifact id: '80c713d5ce90a013464f415573ed5fd0') in 0.047958 seconds 
  Import took 0.065037 seconds .

========================================================================
Received Import Request.
  Time since last request: 245.315304 seconds.
  path: Assets/Scenes/jawatimur.unity
  artifactKey: Guid(b704719be1b44374d862b30a5b199343) Importer(815301076,1909f56bfc062723c751e8b465ee728b)
Start importing Assets/Scenes/jawatimur.unity using Guid(b704719be1b44374d862b30a5b199343) Importer(815301076,1909f56bfc062723c751e8b465ee728b)  -> (artifact id: '0b1998f49d2bdf5e8d4ed1f8ec263157') in 0.036121 seconds 
  Import took 0.080134 seconds .

========================================================================
Received Import Request.
  Time since last request: 45.519059 seconds.
  path: Assets/Scenes/jawa_timur.unity
  artifactKey: Guid(6b4b1d3d057da644c99d8bab4c57ac51) Importer(815301076,1909f56bfc062723c751e8b465ee728b)
Start importing Assets/Scenes/jawa_timur.unity using Guid(6b4b1d3d057da644c99d8bab4c57ac51) Importer(815301076,1909f56bfc062723c751e8b465ee728b)  -> (artifact id: '768ef5a1ddd1e5482ed2000f78e812d6') in 0.059879 seconds 
  Import took 0.085223 seconds .

========================================================================
Received Import Request.
  Time since last request: 751.485168 seconds.
  path: Assets/Scenes/jawa_timur.unity
  artifactKey: Guid(6b4b1d3d057da644c99d8bab4c57ac51) Importer(815301076,1909f56bfc062723c751e8b465ee728b)
Start importing Assets/Scenes/jawa_timur.unity using Guid(6b4b1d3d057da644c99d8bab4c57ac51) Importer(815301076,1909f56bfc062723c751e8b465ee728b)  -> (artifact id: '0644aafa7dbc5380a78bdfdef4bee3d3') in 0.023656 seconds 
  Import took 0.044353 seconds .

========================================================================
Received Prepare
Registering precompiled user dll's ...
Registered in 0.023140 seconds.
Begin MonoManager ReloadAssembly
Native extension for WindowsStandalone target not found
Refreshing native plugins compatible for Editor in 1.47 ms, found 3 plugins.
Preloading 0 native plugins for Editor in 0.00 ms.
Mono: successfully reloaded assembly
- Completed reload, in  4.701 seconds
Platform modules already initialized, skipping
Switching build target platform(19) subTarget(0) extendedPlatform(0) -> platform(13) subTarget(537395200) extendedPlatform(0)
Refreshing native plugins compatible for Editor in 1.30 ms, found 3 plugins.
Preloading 0 native plugins for Editor in 0.00 ms.
Unloading 2086 Unused Serialized files (Serialized files now loaded: 0)
System memory in use before: 93.3 MB.
System memory in use after: 93.2 MB.

Unloading 21 unused Assets to reduce memory usage. Loaded Objects now: 2541.
Total: 7.317000 ms (FindLiveObjects: 0.999800 ms CreateObjectMapping: 0.280400 ms MarkObjects: 5.688100 ms  DeleteObjects: 0.345400 ms)

AssetImportParameters requested are different than current active one (requested -> active):
  custom:framework-win-MediaFoundation: 216162199b28c13a410421893ffa2e32 -> 
  custom:video-decoder-ogg-theora: a1e56fd34408186e4bbccfd4996cb3dc -> 
  custom:container-muxer-webm: aa71ff27fc2769a1b78a27578f13a17b -> 
  custom:container-demuxer-webm: 4f35f7cbe854078d1ac9338744f61a02 -> 
  custom:container-demuxer-ogg: 62fdf1f143b41e24485cea50d1cbac27 -> 
  custom:video-encoder-webm-vp8: eb34c28f22e8b96e1ab97ce403110664 -> 
  custom:video-codec-MediaFoundation-h265: 746d11721c4dcdbdad8f713fa42b33f4 -> 
  custom:video-decoder-webm-vp8: 9c59270c3fd7afecdb556c50c9e8de78 -> 
  custom:graphics/normal-map-encoding: 01000000000000000000000000000000 -> 02000000000000000000000000000000
  custom:audio-decoder-ogg-vorbis: bf7c407c2cedff20999df2af8eb42d56 -> 
  custom:audio-encoder-webm-vorbis: bf7c407c2cedff20999df2af8eb42d56 -> 
========================================================================
Received Import Request.
  Time since last request: 182.611334 seconds.
  path: Assets/Animation/jawatimur.anim
  artifactKey: Guid(5be396b551659f54a85be34b52bb519d) Importer(815301076,1909f56bfc062723c751e8b465ee728b)
Start importing Assets/Animation/jawatimur.anim using Guid(5be396b551659f54a85be34b52bb519d) Importer(815301076,1909f56bfc062723c751e8b465ee728b)  -> (artifact id: 'e8ff44e963a5f69ec76816f6d9d90011') in 0.231344 seconds 
  Import took 0.254206 seconds .

========================================================================
Received Import Request.
  Time since last request: 35.657184 seconds.
  path: Assets/Scenes/peta.unity
  artifactKey: Guid(cd5182aa89bbf824ebc13ae8b60fe0a6) Importer(815301076,1909f56bfc062723c751e8b465ee728b)
Start importing Assets/Scenes/peta.unity using Guid(cd5182aa89bbf824ebc13ae8b60fe0a6) Importer(815301076,1909f56bfc062723c751e8b465ee728b)  -> (artifact id: '9b665d5b451e99d8615837186aa1c563') in 0.044081 seconds 
  Import took 0.092675 seconds .

========================================================================
Received Prepare
Registering precompiled user dll's ...
Registered in 0.078467 seconds.
Begin MonoManager ReloadAssembly
Native extension for WindowsStandalone target not found
Refreshing native plugins compatible for Editor in 1.46 ms, found 3 plugins.
Preloading 0 native plugins for Editor in 0.00 ms.
Mono: successfully reloaded assembly
- Completed reload, in  3.114 seconds
Platform modules already initialized, skipping
Switching build target platform(19) subTarget(0) extendedPlatform(0) -> platform(13) subTarget(537395200) extendedPlatform(0)
Refreshing native plugins compatible for Editor in 1.28 ms, found 3 plugins.
Preloading 0 native plugins for Editor in 0.00 ms.
Unloading 2086 Unused Serialized files (Serialized files now loaded: 0)
System memory in use before: 93.3 MB.
System memory in use after: 93.2 MB.

Unloading 21 unused Assets to reduce memory usage. Loaded Objects now: 2545.
Total: 9.844500 ms (FindLiveObjects: 2.175400 ms CreateObjectMapping: 0.583000 ms MarkObjects: 6.568300 ms  DeleteObjects: 0.512600 ms)

AssetImportParameters requested are different than current active one (requested -> active):
  custom:framework-win-MediaFoundation: 216162199b28c13a410421893ffa2e32 -> 
  custom:video-decoder-ogg-theora: a1e56fd34408186e4bbccfd4996cb3dc -> 
  custom:container-muxer-webm: aa71ff27fc2769a1b78a27578f13a17b -> 
  custom:container-demuxer-webm: 4f35f7cbe854078d1ac9338744f61a02 -> 
  custom:container-demuxer-ogg: 62fdf1f143b41e24485cea50d1cbac27 -> 
  custom:video-encoder-webm-vp8: eb34c28f22e8b96e1ab97ce403110664 -> 
  custom:video-codec-MediaFoundation-h265: 746d11721c4dcdbdad8f713fa42b33f4 -> 
  custom:video-decoder-webm-vp8: 9c59270c3fd7afecdb556c50c9e8de78 -> 
  custom:graphics/normal-map-encoding: 01000000000000000000000000000000 -> 02000000000000000000000000000000
  custom:audio-decoder-ogg-vorbis: bf7c407c2cedff20999df2af8eb42d56 -> 
  custom:audio-encoder-webm-vorbis: bf7c407c2cedff20999df2af8eb42d56 -> 
========================================================================
Received Import Request.
  Time since last request: 55.670985 seconds.
  path: Assets/Scenes/jawa_timur.unity
  artifactKey: Guid(6b4b1d3d057da644c99d8bab4c57ac51) Importer(815301076,1909f56bfc062723c751e8b465ee728b)
Start importing Assets/Scenes/jawa_timur.unity using Guid(6b4b1d3d057da644c99d8bab4c57ac51) Importer(815301076,1909f56bfc062723c751e8b465ee728b)  -> (artifact id: '89a196af5f9f8581c36e45d5a01916f0') in 0.138992 seconds 
  Import took 0.200291 seconds .

========================================================================
Received Prepare
Registering precompiled user dll's ...
Registered in 0.079636 seconds.
Begin MonoManager ReloadAssembly
Native extension for WindowsStandalone target not found
Refreshing native plugins compatible for Editor in 4.02 ms, found 3 plugins.
Preloading 0 native plugins for Editor in 0.00 ms.
Mono: successfully reloaded assembly
- Completed reload, in 17.399 seconds
Platform modules already initialized, skipping
Switching build target platform(19) subTarget(0) extendedPlatform(0) -> platform(13) subTarget(537395200) extendedPlatform(0)
Refreshing native plugins compatible for Editor in 3.09 ms, found 3 plugins.
Preloading 0 native plugins for Editor in 0.00 ms.
Unloading 2086 Unused Serialized files (Serialized files now loaded: 0)
System memory in use before: 93.3 MB.
System memory in use after: 93.3 MB.

Unloading 21 unused Assets to reduce memory usage. Loaded Objects now: 2549.
Total: 10.601200 ms (FindLiveObjects: 0.973100 ms CreateObjectMapping: 0.553300 ms MarkObjects: 8.550900 ms  DeleteObjects: 0.519200 ms)

AssetImportParameters requested are different than current active one (requested -> active):
  custom:framework-win-MediaFoundation: 216162199b28c13a410421893ffa2e32 -> 
  custom:video-decoder-ogg-theora: a1e56fd34408186e4bbccfd4996cb3dc -> 
  custom:container-muxer-webm: aa71ff27fc2769a1b78a27578f13a17b -> 
  custom:container-demuxer-webm: 4f35f7cbe854078d1ac9338744f61a02 -> 
  custom:container-demuxer-ogg: 62fdf1f143b41e24485cea50d1cbac27 -> 
  custom:video-encoder-webm-vp8: eb34c28f22e8b96e1ab97ce403110664 -> 
  custom:video-codec-MediaFoundation-h265: 746d11721c4dcdbdad8f713fa42b33f4 -> 
  custom:video-decoder-webm-vp8: 9c59270c3fd7afecdb556c50c9e8de78 -> 
  custom:graphics/normal-map-encoding: 01000000000000000000000000000000 -> 02000000000000000000000000000000
  custom:audio-decoder-ogg-vorbis: bf7c407c2cedff20999df2af8eb42d56 -> 
  custom:audio-encoder-webm-vorbis: bf7c407c2cedff20999df2af8eb42d56 -> 
========================================================================
Received Prepare
Registering precompiled user dll's ...
Registered in 0.012693 seconds.
Begin MonoManager ReloadAssembly
Native extension for WindowsStandalone target not found
Refreshing native plugins compatible for Editor in 1.36 ms, found 3 plugins.
Preloading 0 native plugins for Editor in 0.00 ms.
Mono: successfully reloaded assembly
- Completed reload, in  9.235 seconds
Platform modules already initialized, skipping
Switching build target platform(19) subTarget(0) extendedPlatform(0) -> platform(13) subTarget(537395200) extendedPlatform(0)
Refreshing native plugins compatible for Editor in 1.75 ms, found 3 plugins.
Preloading 0 native plugins for Editor in 0.00 ms.
Unloading 2086 Unused Serialized files (Serialized files now loaded: 0)
System memory in use before: 93.3 MB.
System memory in use after: 93.3 MB.

Unloading 21 unused Assets to reduce memory usage. Loaded Objects now: 2553.
Total: 12.335200 ms (FindLiveObjects: 0.844700 ms CreateObjectMapping: 0.385500 ms MarkObjects: 10.638500 ms  DeleteObjects: 0.462700 ms)

AssetImportParameters requested are different than current active one (requested -> active):
  custom:framework-win-MediaFoundation: 216162199b28c13a410421893ffa2e32 -> 
  custom:video-decoder-ogg-theora: a1e56fd34408186e4bbccfd4996cb3dc -> 
  custom:container-muxer-webm: aa71ff27fc2769a1b78a27578f13a17b -> 
  custom:container-demuxer-webm: 4f35f7cbe854078d1ac9338744f61a02 -> 
  custom:container-demuxer-ogg: 62fdf1f143b41e24485cea50d1cbac27 -> 
  custom:video-encoder-webm-vp8: eb34c28f22e8b96e1ab97ce403110664 -> 
  custom:video-codec-MediaFoundation-h265: 746d11721c4dcdbdad8f713fa42b33f4 -> 
  custom:video-decoder-webm-vp8: 9c59270c3fd7afecdb556c50c9e8de78 -> 
  custom:graphics/normal-map-encoding: 01000000000000000000000000000000 -> 02000000000000000000000000000000
  custom:audio-decoder-ogg-vorbis: bf7c407c2cedff20999df2af8eb42d56 -> 
  custom:audio-encoder-webm-vorbis: bf7c407c2cedff20999df2af8eb42d56 -> 
AssetImportWorkerClient::OnTransportError - code=2 error=End of file
